package com.nstc.temp.model;

import java.util.Date;

/** 账户表 */
public class Amount {
    
    /** 主键 */
    private Integer amountId;
    
    /** 账户名称 */
    private String amountName;
    
    /** 账户余额 */
    private Double amountBalence;
    
    /** 修改日期 */
    private Date updateTime;
    
    /** 创建者 */
    private String createPerson;
    
    /** 是否锁定 */
    private Integer locked;
    

    public void setAmountId(Integer amountId){
        this.amountId = amountId;
    }
    public Integer getAmountId(){
        return this.amountId;
    }
    public void setAmountName(String amountName){
        this.amountName = amountName;
    }
    public String getAmountName(){
        return this.amountName;
    }
    public void setAmountBalence(Double amountBalence){
        this.amountBalence = amountBalence;
    }
    public Double getAmountBalence(){
        return this.amountBalence;
    }
    public void setUpdateTime(Date updateTime){
        this.updateTime = updateTime;
    }
    public Date getUpdateTime(){
        return this.updateTime;
    }
    public void setCreatePerson(String createPerson){
        this.createPerson = createPerson;
    }
    public String getCreatePerson(){
        return this.createPerson;
    }
    public void setLocked(Integer locked){
        this.locked = locked;
    }
    public Integer getLocked(){
        return this.locked;
    }
    
    public String toString() {
        return "Amount ["
                + "amountId = " + amountId + ", "
                + "amountName = " + amountName + ", "
                + "amountBalence = " + amountBalence + ", "
                + "updateTime = " + updateTime + ", "
                + "createPerson = " + createPerson + ", "
                + "locked = " + locked + " "
                + "]";
    }
}
