package com.nstc.temp.business;

/**
 * 批量删除账户表
 * 
 * <p>Title: DeleteAmountListBusiness.java</p>
 *
 * <p>Description: 批量删除账户表</p>
 *
 * <p>Company: 北京九恒星科技股份有限公司</p>
 *
 * @author luhao
 * 
 * @since：2019-02-22 10:50:49
 *
 */
public class DeleteAmountListBusiness extends AbstractTEMPBusiness{

    private Map<String, Object> $common{appNoLow}_amount_qry;
    
    private List<Map<String, Object>> $common{appNoLow}_amount_list;
    
    public void doExecute() throws Exception {
        // 获取选择的记录
        @SuppressWarnings("unchecked")
        List<Map<String, Object>> selectRows = getGridSelectedRow($common{appNoLow}_amount_list);
        List<Integer> ids = selectAffIds(selectRows,"amountId");
        
        // 按照Ids删除事务申请
        getLocator().getAmountService().deleteAmountByIds(ids);
        
        putResult("$common{appNoLow}_amount_qry", $common{appNoLow}_amount_qry);
        putResult(REFRESH_FLAG, REFRESH);
        setInfoMsg(DELETE_SUCCESS_MSG);
    }

    
}
